[  0%] Built target geometry_msgs_generate_messages_nodejs
[  0%] Built target std_msgs_generate_messages_nodejs
[  0%] Built target geometry_msgs_generate_messages_cpp
[  0%] Built target geometry_msgs_generate_messages_lisp
[  0%] Built target std_msgs_generate_messages_cpp
[  0%] Built target std_msgs_generate_messages_py
[  0%] Built target geometry_msgs_generate_messages_py
[  0%] Built target std_msgs_generate_messages_lisp
[  0%] Built target geometry_msgs_generate_messages_eus
[  0%] Built target std_msgs_generate_messages_eus
[  0%] Built target _detector_msgs_generate_messages_check_deps_BBoxArray
[  0%] Built target _detector_msgs_generate_messages_check_deps_BBox
[  0%] Built target _detector_msgs_generate_messages_check_deps_AddTransformToManager
[  0%] Built target _detector_msgs_generate_messages_check_deps_GetObjectDetection
[  0%] Built target _detector_msgs_generate_messages_check_deps_SetTransformFromBBox
[ 35%] Built target detector_msgs_generate_messages_lisp
[ 75%] Built target detector_msgs_generate_messages_py
[ 78%] Built target detector_msgs_generate_messages_eus
[ 85%] Built target detector_msgs_generate_messages_nodejs
[100%] Built target detector_msgs_generate_messages_cpp
[100%] Built target detector_msgs_generate_messages
