<<<<<<< HEAD
Linked: (/workspace/devel/.private/detector_msgs/share/gennodejs/ros/detector_msgs/_index.js, /workspace/devel/share/gennodejs/ros/detector_msgs/_index.js)
Linked: (/workspace/devel/.private/detector_msgs/share/gennodejs/ros/detector_msgs/msg/BBoxArray.js, /workspace/devel/share/gennodejs/ros/detector_msgs/msg/BBoxArray.js)
Linked: (/workspace/devel/.private/detector_msgs/share/gennodejs/ros/detector_msgs/msg/_index.js, /workspace/devel/share/gennodejs/ros/detector_msgs/msg/_index.js)
Linked: (/workspace/devel/.private/detector_msgs/share/gennodejs/ros/detector_msgs/msg/BBox.js, /workspace/devel/share/gennodejs/ros/detector_msgs/msg/BBox.js)
Linked: (/workspace/devel/.private/detector_msgs/share/gennodejs/ros/detector_msgs/srv/SetTransformFromBBox.js, /workspace/devel/share/gennodejs/ros/detector_msgs/srv/SetTransformFromBBox.js)
Linked: (/workspace/devel/.private/detector_msgs/share/gennodejs/ros/detector_msgs/srv/AddTransformToManager.js, /workspace/devel/share/gennodejs/ros/detector_msgs/srv/AddTransformToManager.js)
Linked: (/workspace/devel/.private/detector_msgs/share/gennodejs/ros/detector_msgs/srv/_index.js, /workspace/devel/share/gennodejs/ros/detector_msgs/srv/_index.js)
Linked: (/workspace/devel/.private/detector_msgs/share/gennodejs/ros/detector_msgs/srv/GetObjectDetection.js, /workspace/devel/share/gennodejs/ros/detector_msgs/srv/GetObjectDetection.js)
Linked: (/workspace/devel/.private/detector_msgs/share/detector_msgs/cmake/detector_msgs-msg-paths.cmake, /workspace/devel/share/detector_msgs/cmake/detector_msgs-msg-paths.cmake)
Linked: (/workspace/devel/.private/detector_msgs/share/detector_msgs/cmake/detector_msgsConfig-version.cmake, /workspace/devel/share/detector_msgs/cmake/detector_msgsConfig-version.cmake)
Linked: (/workspace/devel/.private/detector_msgs/share/detector_msgs/cmake/detector_msgsConfig.cmake, /workspace/devel/share/detector_msgs/cmake/detector_msgsConfig.cmake)
Linked: (/workspace/devel/.private/detector_msgs/share/detector_msgs/cmake/detector_msgs-msg-extras.cmake, /workspace/devel/share/detector_msgs/cmake/detector_msgs-msg-extras.cmake)
Linked: (/workspace/devel/.private/detector_msgs/share/common-lisp/ros/detector_msgs/msg/BBox.lisp, /workspace/devel/share/common-lisp/ros/detector_msgs/msg/BBox.lisp)
Linked: (/workspace/devel/.private/detector_msgs/share/common-lisp/ros/detector_msgs/msg/_package_BBoxArray.lisp, /workspace/devel/share/common-lisp/ros/detector_msgs/msg/_package_BBoxArray.lisp)
Linked: (/workspace/devel/.private/detector_msgs/share/common-lisp/ros/detector_msgs/msg/BBoxArray.lisp, /workspace/devel/share/common-lisp/ros/detector_msgs/msg/BBoxArray.lisp)
Linked: (/workspace/devel/.private/detector_msgs/share/common-lisp/ros/detector_msgs/msg/_package_BBox.lisp, /workspace/devel/share/common-lisp/ros/detector_msgs/msg/_package_BBox.lisp)
Linked: (/workspace/devel/.private/detector_msgs/share/common-lisp/ros/detector_msgs/msg/_package.lisp, /workspace/devel/share/common-lisp/ros/detector_msgs/msg/_package.lisp)
Linked: (/workspace/devel/.private/detector_msgs/share/common-lisp/ros/detector_msgs/msg/detector_msgs-msg.asd, /workspace/devel/share/common-lisp/ros/detector_msgs/msg/detector_msgs-msg.asd)
Linked: (/workspace/devel/.private/detector_msgs/share/common-lisp/ros/detector_msgs/srv/detector_msgs-srv.asd, /workspace/devel/share/common-lisp/ros/detector_msgs/srv/detector_msgs-srv.asd)
Linked: (/workspace/devel/.private/detector_msgs/share/common-lisp/ros/detector_msgs/srv/GetObjectDetection.lisp, /workspace/devel/share/common-lisp/ros/detector_msgs/srv/GetObjectDetection.lisp)
Linked: (/workspace/devel/.private/detector_msgs/share/common-lisp/ros/detector_msgs/srv/SetTransformFromBBox.lisp, /workspace/devel/share/common-lisp/ros/detector_msgs/srv/SetTransformFromBBox.lisp)
Linked: (/workspace/devel/.private/detector_msgs/share/common-lisp/ros/detector_msgs/srv/AddTransformToManager.lisp, /workspace/devel/share/common-lisp/ros/detector_msgs/srv/AddTransformToManager.lisp)
Linked: (/workspace/devel/.private/detector_msgs/share/common-lisp/ros/detector_msgs/srv/_package_AddTransformToManager.lisp, /workspace/devel/share/common-lisp/ros/detector_msgs/srv/_package_AddTransformToManager.lisp)
Linked: (/workspace/devel/.private/detector_msgs/share/common-lisp/ros/detector_msgs/srv/_package_GetObjectDetection.lisp, /workspace/devel/share/common-lisp/ros/detector_msgs/srv/_package_GetObjectDetection.lisp)
Linked: (/workspace/devel/.private/detector_msgs/share/common-lisp/ros/detector_msgs/srv/_package_SetTransformFromBBox.lisp, /workspace/devel/share/common-lisp/ros/detector_msgs/srv/_package_SetTransformFromBBox.lisp)
Linked: (/workspace/devel/.private/detector_msgs/share/common-lisp/ros/detector_msgs/srv/_package.lisp, /workspace/devel/share/common-lisp/ros/detector_msgs/srv/_package.lisp)
Linked: (/workspace/devel/.private/detector_msgs/share/roseus/ros/detector_msgs/manifest.l, /workspace/devel/share/roseus/ros/detector_msgs/manifest.l)
Linked: (/workspace/devel/.private/detector_msgs/share/roseus/ros/detector_msgs/msg/BBox.l, /workspace/devel/share/roseus/ros/detector_msgs/msg/BBox.l)
Linked: (/workspace/devel/.private/detector_msgs/share/roseus/ros/detector_msgs/msg/BBoxArray.l, /workspace/devel/share/roseus/ros/detector_msgs/msg/BBoxArray.l)
Linked: (/workspace/devel/.private/detector_msgs/share/roseus/ros/detector_msgs/srv/AddTransformToManager.l, /workspace/devel/share/roseus/ros/detector_msgs/srv/AddTransformToManager.l)
Linked: (/workspace/devel/.private/detector_msgs/share/roseus/ros/detector_msgs/srv/SetTransformFromBBox.l, /workspace/devel/share/roseus/ros/detector_msgs/srv/SetTransformFromBBox.l)
Linked: (/workspace/devel/.private/detector_msgs/share/roseus/ros/detector_msgs/srv/GetObjectDetection.l, /workspace/devel/share/roseus/ros/detector_msgs/srv/GetObjectDetection.l)
Linked: (/workspace/devel/.private/detector_msgs/include/detector_msgs/SetTransformFromBBox.h, /workspace/devel/include/detector_msgs/SetTransformFromBBox.h)
Linked: (/workspace/devel/.private/detector_msgs/include/detector_msgs/GetObjectDetectionResponse.h, /workspace/devel/include/detector_msgs/GetObjectDetectionResponse.h)
Linked: (/workspace/devel/.private/detector_msgs/include/detector_msgs/SetTransformFromBBoxResponse.h, /workspace/devel/include/detector_msgs/SetTransformFromBBoxResponse.h)
Linked: (/workspace/devel/.private/detector_msgs/include/detector_msgs/AddTransformToManager.h, /workspace/devel/include/detector_msgs/AddTransformToManager.h)
Linked: (/workspace/devel/.private/detector_msgs/include/detector_msgs/GetObjectDetection.h, /workspace/devel/include/detector_msgs/GetObjectDetection.h)
Linked: (/workspace/devel/.private/detector_msgs/include/detector_msgs/AddTransformToManagerRequest.h, /workspace/devel/include/detector_msgs/AddTransformToManagerRequest.h)
Linked: (/workspace/devel/.private/detector_msgs/include/detector_msgs/SetTransformFromBBoxRequest.h, /workspace/devel/include/detector_msgs/SetTransformFromBBoxRequest.h)
Linked: (/workspace/devel/.private/detector_msgs/include/detector_msgs/BBox.h, /workspace/devel/include/detector_msgs/BBox.h)
Linked: (/workspace/devel/.private/detector_msgs/include/detector_msgs/GetObjectDetectionRequest.h, /workspace/devel/include/detector_msgs/GetObjectDetectionRequest.h)
Linked: (/workspace/devel/.private/detector_msgs/include/detector_msgs/BBoxArray.h, /workspace/devel/include/detector_msgs/BBoxArray.h)
Linked: (/workspace/devel/.private/detector_msgs/include/detector_msgs/AddTransformToManagerResponse.h, /workspace/devel/include/detector_msgs/AddTransformToManagerResponse.h)
Linked: (/workspace/devel/.private/detector_msgs/lib/python3/dist-packages/detector_msgs/__init__.py, /workspace/devel/lib/python3/dist-packages/detector_msgs/__init__.py)
Linked: (/workspace/devel/.private/detector_msgs/lib/python3/dist-packages/detector_msgs/msg/__init__.py, /workspace/devel/lib/python3/dist-packages/detector_msgs/msg/__init__.py)
Linked: (/workspace/devel/.private/detector_msgs/lib/python3/dist-packages/detector_msgs/msg/_BBoxArray.py, /workspace/devel/lib/python3/dist-packages/detector_msgs/msg/_BBoxArray.py)
Linked: (/workspace/devel/.private/detector_msgs/lib/python3/dist-packages/detector_msgs/msg/_BBox.py, /workspace/devel/lib/python3/dist-packages/detector_msgs/msg/_BBox.py)
Linked: (/workspace/devel/.private/detector_msgs/lib/python3/dist-packages/detector_msgs/srv/_AddTransformToManager.py, /workspace/devel/lib/python3/dist-packages/detector_msgs/srv/_AddTransformToManager.py)
Linked: (/workspace/devel/.private/detector_msgs/lib/python3/dist-packages/detector_msgs/srv/__init__.py, /workspace/devel/lib/python3/dist-packages/detector_msgs/srv/__init__.py)
Linked: (/workspace/devel/.private/detector_msgs/lib/python3/dist-packages/detector_msgs/srv/_GetObjectDetection.py, /workspace/devel/lib/python3/dist-packages/detector_msgs/srv/_GetObjectDetection.py)
Linked: (/workspace/devel/.private/detector_msgs/lib/python3/dist-packages/detector_msgs/srv/_SetTransformFromBBox.py, /workspace/devel/lib/python3/dist-packages/detector_msgs/srv/_SetTransformFromBBox.py)
Linked: (/workspace/devel/.private/detector_msgs/lib/pkgconfig/detector_msgs.pc, /workspace/devel/lib/pkgconfig/detector_msgs.pc)
=======
Symlinking /workspace/devel/include/detector_msgs/GetObjectDetectionRequest.h
Symlinking /workspace/devel/include/detector_msgs/AddTransformToManagerResponse.h
Symlinking /workspace/devel/include/detector_msgs/SetTransformFromBBoxResponse.h
Symlinking /workspace/devel/include/detector_msgs/AddTransformToManager.h
Symlinking /workspace/devel/include/detector_msgs/GetObjectDetectionResponse.h
Symlinking /workspace/devel/include/detector_msgs/BBoxArray.h
Symlinking /workspace/devel/include/detector_msgs/SetTransformFromBBox.h
Symlinking /workspace/devel/include/detector_msgs/AddTransformToManagerRequest.h
Symlinking /workspace/devel/include/detector_msgs/GetObjectDetection.h
Symlinking /workspace/devel/include/detector_msgs/SetTransformFromBBoxRequest.h
Symlinking /workspace/devel/include/detector_msgs/BBox.h
Symlinking /workspace/devel/share/detector_msgs/cmake/detector_msgsConfig.cmake
Symlinking /workspace/devel/share/detector_msgs/cmake/detector_msgs-msg-paths.cmake
Symlinking /workspace/devel/share/detector_msgs/cmake/detector_msgsConfig-version.cmake
Symlinking /workspace/devel/share/detector_msgs/cmake/detector_msgs-msg-extras.cmake
Symlinking /workspace/devel/share/common-lisp/ros/detector_msgs/srv/GetObjectDetection.lisp
Symlinking /workspace/devel/share/common-lisp/ros/detector_msgs/srv/SetTransformFromBBox.lisp
Symlinking /workspace/devel/share/common-lisp/ros/detector_msgs/srv/detector_msgs-srv.asd
Symlinking /workspace/devel/share/common-lisp/ros/detector_msgs/srv/_package.lisp
Symlinking /workspace/devel/share/common-lisp/ros/detector_msgs/srv/AddTransformToManager.lisp
Symlinking /workspace/devel/share/common-lisp/ros/detector_msgs/srv/_package_SetTransformFromBBox.lisp
Symlinking /workspace/devel/share/common-lisp/ros/detector_msgs/srv/_package_GetObjectDetection.lisp
Symlinking /workspace/devel/share/common-lisp/ros/detector_msgs/srv/_package_AddTransformToManager.lisp
Symlinking /workspace/devel/share/common-lisp/ros/detector_msgs/msg/BBox.lisp
Symlinking /workspace/devel/share/common-lisp/ros/detector_msgs/msg/_package_BBox.lisp
Symlinking /workspace/devel/share/common-lisp/ros/detector_msgs/msg/_package.lisp
Symlinking /workspace/devel/share/common-lisp/ros/detector_msgs/msg/detector_msgs-msg.asd
Symlinking /workspace/devel/share/common-lisp/ros/detector_msgs/msg/BBoxArray.lisp
Symlinking /workspace/devel/share/common-lisp/ros/detector_msgs/msg/_package_BBoxArray.lisp
Symlinking /workspace/devel/share/roseus/ros/detector_msgs/manifest.l
Symlinking /workspace/devel/share/roseus/ros/detector_msgs/srv/SetTransformFromBBox.l
Symlinking /workspace/devel/share/roseus/ros/detector_msgs/srv/AddTransformToManager.l
Symlinking /workspace/devel/share/roseus/ros/detector_msgs/srv/GetObjectDetection.l
Symlinking /workspace/devel/share/roseus/ros/detector_msgs/msg/BBoxArray.l
Symlinking /workspace/devel/share/roseus/ros/detector_msgs/msg/BBox.l
Symlinking /workspace/devel/share/gennodejs/ros/detector_msgs/_index.js
Symlinking /workspace/devel/share/gennodejs/ros/detector_msgs/srv/GetObjectDetection.js
Symlinking /workspace/devel/share/gennodejs/ros/detector_msgs/srv/AddTransformToManager.js
Symlinking /workspace/devel/share/gennodejs/ros/detector_msgs/srv/SetTransformFromBBox.js
Symlinking /workspace/devel/share/gennodejs/ros/detector_msgs/srv/_index.js
Symlinking /workspace/devel/share/gennodejs/ros/detector_msgs/msg/BBoxArray.js
Symlinking /workspace/devel/share/gennodejs/ros/detector_msgs/msg/BBox.js
Symlinking /workspace/devel/share/gennodejs/ros/detector_msgs/msg/_index.js
Symlinking /workspace/devel/lib/python3/dist-packages/detector_msgs/__init__.py
Symlinking /workspace/devel/lib/python3/dist-packages/detector_msgs/srv/__init__.py
Symlinking /workspace/devel/lib/python3/dist-packages/detector_msgs/srv/_GetObjectDetection.py
Symlinking /workspace/devel/lib/python3/dist-packages/detector_msgs/srv/_AddTransformToManager.py
Symlinking /workspace/devel/lib/python3/dist-packages/detector_msgs/srv/_SetTransformFromBBox.py
Symlinking /workspace/devel/lib/python3/dist-packages/detector_msgs/msg/_BBox.py
Symlinking /workspace/devel/lib/python3/dist-packages/detector_msgs/msg/__init__.py
Symlinking /workspace/devel/lib/python3/dist-packages/detector_msgs/msg/_BBoxArray.py
Symlinking /workspace/devel/lib/pkgconfig/detector_msgs.pc
>>>>>>> origin/IR-B
