Performing C SOURCE FILE Test CMAKE_HAVE_LIBC_PTHREAD failed with the following output:
Change Dir: /workspace/build/wrs_controller/CMakeFiles/CMakeTmp

<<<<<<< HEAD
Run Build Command(s):/usr/bin/make cmTC_dcf5a/fast && /usr/bin/make -f CMakeFiles/cmTC_dcf5a.dir/build.make CMakeFiles/cmTC_dcf5a.dir/build
make[1]: Entering directory '/workspace/build/wrs_controller/CMakeFiles/CMakeTmp'
Building C object CMakeFiles/cmTC_dcf5a.dir/src.c.o
/usr/bin/cc   -DCMAKE_HAVE_LIBC_PTHREAD   -o CMakeFiles/cmTC_dcf5a.dir/src.c.o   -c /workspace/build/wrs_controller/CMakeFiles/CMakeTmp/src.c
Linking C executable cmTC_dcf5a
/usr/bin/cmake -E cmake_link_script CMakeFiles/cmTC_dcf5a.dir/link.txt --verbose=1
/usr/bin/cc  -DCMAKE_HAVE_LIBC_PTHREAD    -rdynamic CMakeFiles/cmTC_dcf5a.dir/src.c.o  -o cmTC_dcf5a 
/usr/bin/ld: CMakeFiles/cmTC_dcf5a.dir/src.c.o: in function `main':
=======
Run Build Command(s):/usr/bin/make cmTC_e0559/fast && /usr/bin/make -f CMakeFiles/cmTC_e0559.dir/build.make CMakeFiles/cmTC_e0559.dir/build
make[1]: Entering directory '/workspace/build/wrs_controller/CMakeFiles/CMakeTmp'
Building C object CMakeFiles/cmTC_e0559.dir/src.c.o
/usr/bin/cc   -DCMAKE_HAVE_LIBC_PTHREAD   -o CMakeFiles/cmTC_e0559.dir/src.c.o   -c /workspace/build/wrs_controller/CMakeFiles/CMakeTmp/src.c
Linking C executable cmTC_e0559
/usr/bin/cmake -E cmake_link_script CMakeFiles/cmTC_e0559.dir/link.txt --verbose=1
/usr/bin/cc  -DCMAKE_HAVE_LIBC_PTHREAD    -rdynamic CMakeFiles/cmTC_e0559.dir/src.c.o  -o cmTC_e0559 
/usr/bin/ld: CMakeFiles/cmTC_e0559.dir/src.c.o: in function `main':
>>>>>>> origin/IR-B
src.c:(.text+0x46): undefined reference to `pthread_create'
/usr/bin/ld: src.c:(.text+0x52): undefined reference to `pthread_detach'
/usr/bin/ld: src.c:(.text+0x63): undefined reference to `pthread_join'
collect2: error: ld returned 1 exit status
<<<<<<< HEAD
make[1]: *** [CMakeFiles/cmTC_dcf5a.dir/build.make:87: cmTC_dcf5a] Error 1
make[1]: Leaving directory '/workspace/build/wrs_controller/CMakeFiles/CMakeTmp'
make: *** [Makefile:121: cmTC_dcf5a/fast] Error 2
=======
make[1]: *** [CMakeFiles/cmTC_e0559.dir/build.make:87: cmTC_e0559] Error 1
make[1]: Leaving directory '/workspace/build/wrs_controller/CMakeFiles/CMakeTmp'
make: *** [Makefile:121: cmTC_e0559/fast] Error 2
>>>>>>> origin/IR-B


Source file was:
#include <pthread.h>

void* test_func(void* data)
{
  return data;
}

int main(void)
{
  pthread_t thread;
  pthread_create(&thread, NULL, test_func, NULL);
  pthread_detach(thread);
  pthread_join(thread, NULL);
  pthread_atfork(NULL, NULL, NULL);
  pthread_exit(NULL);

  return 0;
}

Determining if the function pthread_create exists in the pthreads failed with the following output:
Change Dir: /workspace/build/wrs_controller/CMakeFiles/CMakeTmp

<<<<<<< HEAD
Run Build Command(s):/usr/bin/make cmTC_39870/fast && /usr/bin/make -f CMakeFiles/cmTC_39870.dir/build.make CMakeFiles/cmTC_39870.dir/build
make[1]: Entering directory '/workspace/build/wrs_controller/CMakeFiles/CMakeTmp'
Building C object CMakeFiles/cmTC_39870.dir/CheckFunctionExists.c.o
/usr/bin/cc   -DCHECK_FUNCTION_EXISTS=pthread_create   -o CMakeFiles/cmTC_39870.dir/CheckFunctionExists.c.o   -c /usr/share/cmake-3.16/Modules/CheckFunctionExists.c
Linking C executable cmTC_39870
/usr/bin/cmake -E cmake_link_script CMakeFiles/cmTC_39870.dir/link.txt --verbose=1
/usr/bin/cc  -DCHECK_FUNCTION_EXISTS=pthread_create    -rdynamic CMakeFiles/cmTC_39870.dir/CheckFunctionExists.c.o  -o cmTC_39870  -lpthreads 
/usr/bin/ld: cannot find -lpthreads
collect2: error: ld returned 1 exit status
make[1]: *** [CMakeFiles/cmTC_39870.dir/build.make:87: cmTC_39870] Error 1
make[1]: Leaving directory '/workspace/build/wrs_controller/CMakeFiles/CMakeTmp'
make: *** [Makefile:121: cmTC_39870/fast] Error 2
=======
Run Build Command(s):/usr/bin/make cmTC_ccd39/fast && /usr/bin/make -f CMakeFiles/cmTC_ccd39.dir/build.make CMakeFiles/cmTC_ccd39.dir/build
make[1]: Entering directory '/workspace/build/wrs_controller/CMakeFiles/CMakeTmp'
Building C object CMakeFiles/cmTC_ccd39.dir/CheckFunctionExists.c.o
/usr/bin/cc   -DCHECK_FUNCTION_EXISTS=pthread_create   -o CMakeFiles/cmTC_ccd39.dir/CheckFunctionExists.c.o   -c /usr/share/cmake-3.16/Modules/CheckFunctionExists.c
Linking C executable cmTC_ccd39
/usr/bin/cmake -E cmake_link_script CMakeFiles/cmTC_ccd39.dir/link.txt --verbose=1
/usr/bin/cc  -DCHECK_FUNCTION_EXISTS=pthread_create    -rdynamic CMakeFiles/cmTC_ccd39.dir/CheckFunctionExists.c.o  -o cmTC_ccd39  -lpthreads 
/usr/bin/ld: cannot find -lpthreads
collect2: error: ld returned 1 exit status
make[1]: *** [CMakeFiles/cmTC_ccd39.dir/build.make:87: cmTC_ccd39] Error 1
make[1]: Leaving directory '/workspace/build/wrs_controller/CMakeFiles/CMakeTmp'
make: *** [Makefile:121: cmTC_ccd39/fast] Error 2
>>>>>>> origin/IR-B



